This is pdfTeX, Version 3.14159265-2.6-1.40.20 (TeX Live 2019/Arch Linux) (preloaded format=latex 2020.5.27)  15 JUL 2020 20:40
entering extended mode
 restricted \write18 enabled.
 %&-line parsing enabled.
**main.tex
(./main.tex
LaTeX2e <2019-10-01> patch level 1
(/usr/share/texmf-dist/tex/latex/koma-script/scrartcl.cls
Document Class: scrartcl 2019/10/12 v3.27 KOMA-Script document class (article)
(/usr/share/texmf-dist/tex/latex/koma-script/scrkbase.sty
Package: scrkbase 2019/10/12 v3.27 KOMA-Script package (KOMA-Script-dependent b
asics and keyval usage)

(/usr/share/texmf-dist/tex/latex/koma-script/scrbase.sty
Package: scrbase 2019/10/12 v3.27 KOMA-Script package (KOMA-Script-independent 
basics and keyval usage)

(/usr/share/texmf-dist/tex/latex/graphics/keyval.sty
Package: keyval 2014/10/28 v1.15 key=value parser (DPC)
\KV@toks@=\toks14
)
(/usr/share/texmf-dist/tex/latex/koma-script/scrlfile.sty
Package: scrlfile 2019/10/12 v3.27 KOMA-Script package (loading files)
)))
(/usr/share/texmf-dist/tex/latex/koma-script/tocbasic.sty
Package: tocbasic 2019/10/12 v3.27 KOMA-Script package (handling toc-files)
\scr@dte@tocline@numberwidth=\skip41
\scr@dte@tocline@numbox=\box27
)
Package tocbasic Info: omitting babel extension for `toc'
(tocbasic)             because of feature `nobabel' available
(tocbasic)             for `toc' on input line 137.
Class scrartcl Info: File `scrsize11pt.clo' used instead of
(scrartcl)           file `scrsize11.clo' to setup font sizes on input line 220
8.

(/usr/share/texmf-dist/tex/latex/koma-script/scrsize11pt.clo
File: scrsize11pt.clo 2019/10/12 v3.27 KOMA-Script font size class option (11pt
)
)
(/usr/share/texmf-dist/tex/latex/koma-script/typearea.sty
Package: typearea 2019/10/12 v3.27 KOMA-Script package (type area)
\ta@bcor=\skip42
\ta@div=\count80
\ta@hblk=\skip43
\ta@vblk=\skip44
\ta@temp=\skip45
\footheight=\skip46
Package typearea Info: These are the values describing the layout:
(typearea)             DIV  = 10
(typearea)             BCOR = 0.0pt
(typearea)             \paperwidth      = 597.50793pt
(typearea)              \textwidth      = 418.25555pt
(typearea)              DIV departure   = -6%
(typearea)              \evensidemargin = 17.3562pt
(typearea)              \oddsidemargin  = 17.3562pt
(typearea)             \paperheight     = 845.04694pt
(typearea)              \textheight     = 595.80026pt
(typearea)              \topmargin      = -25.16531pt
(typearea)              \headheight     = 17.0pt
(typearea)              \headsep        = 20.40001pt
(typearea)              \topskip        = 11.0pt
(typearea)              \footskip       = 47.6pt
(typearea)              \baselineskip   = 13.6pt
(typearea)              on input line 1716.
)
\c@part=\count81
\c@section=\count82
\c@subsection=\count83
\c@subsubsection=\count84
\c@paragraph=\count85
\c@subparagraph=\count86
\scr@dte@section@maxnumwidth=\skip47
Class scrartcl Info: using compatibility default `runin=bysign'
(scrartcl)           for `\section on input line 4702.
Class scrartcl Info: using compatibility default `afterindent=bysign'
(scrartcl)           for `\section on input line 4702.
\scr@dte@part@maxnumwidth=\skip48
Class scrartcl Info: using compatibility default `afterindent=false'
(scrartcl)           for `\part on input line 4710.
\scr@dte@subsection@maxnumwidth=\skip49
Class scrartcl Info: using compatibility default `runin=bysign'
(scrartcl)           for `\subsection on input line 4720.
Class scrartcl Info: using compatibility default `afterindent=bysign'
(scrartcl)           for `\subsection on input line 4720.
\scr@dte@subsubsection@maxnumwidth=\skip50
Class scrartcl Info: using compatibility default `runin=bysign'
(scrartcl)           for `\subsubsection on input line 4730.
Class scrartcl Info: using compatibility default `afterindent=bysign'
(scrartcl)           for `\subsubsection on input line 4730.
\scr@dte@paragraph@maxnumwidth=\skip51
Class scrartcl Info: using compatibility default `runin=bysign'
(scrartcl)           for `\paragraph on input line 4740.
Class scrartcl Info: using compatibility default `afterindent=bysign'
(scrartcl)           for `\paragraph on input line 4740.
\scr@dte@subparagraph@maxnumwidth=\skip52
Class scrartcl Info: using compatibility default `runin=bysign'
(scrartcl)           for `\subparagraph on input line 4750.
Class scrartcl Info: using compatibility default `afterindent=bysign'
(scrartcl)           for `\subparagraph on input line 4750.
\abovecaptionskip=\skip53
\belowcaptionskip=\skip54
\c@pti@nb@sid@b@x=\box28
Package tocbasic Info: omitting babel extension for `lof'
(tocbasic)             because of feature `nobabel' available
(tocbasic)             for `lof' on input line 5969.
\scr@dte@figure@maxnumwidth=\skip55
\c@figure=\count87
Package tocbasic Info: omitting babel extension for `lot'
(tocbasic)             because of feature `nobabel' available
(tocbasic)             for `lot' on input line 5981.
\scr@dte@table@maxnumwidth=\skip56
\c@table=\count88
Class scrartcl Info: Redefining `\numberline' on input line 6145.
\bibindent=\dimen102
)
(/usr/share/texmf-dist/tex/latex/pst-3dplot/pst-3dplot.sty
(/usr/share/texmf-dist/tex/latex/pstricks/pstricks.sty
Package: pstricks 2018/12/21 v0.69 LaTeX wrapper for `PSTricks' (RN,HV)

(/usr/share/texmf-dist/tex/generic/iftex/iftex.sty
Package: iftex 2013/04/04 v0.2 Provides if(tex) conditional for PDFTeX, XeTeX, 
and LuaTeX
)
(/usr/share/texmf-dist/tex/latex/tools/shellesc.sty
Package: shellesc 2016/06/07 v0.02b unified shell escape interface for LaTeX
Package shellesc Info: Restricted shell escape enabled on input line 72.
)
(/usr/share/texmf-dist/tex/latex/xcolor/xcolor.sty
Package: xcolor 2016/05/11 v2.12 LaTeX color extensions (UK)

(/usr/share/texmf-dist/tex/latex/graphics-cfg/color.cfg
File: color.cfg 2016/01/02 v1.6 sample color configuration
)
Package xcolor Info: Driver file: dvips.def on input line 225.

(/usr/share/texmf-dist/tex/latex/graphics-def/dvips.def
File: dvips.def 2017/06/20 v3.1d Graphics/color driver for dvips
)
Package xcolor Info: Model `cmy' substituted by `cmy0' on input line 1348.
Package xcolor Info: Model `RGB' extended on input line 1364.
Package xcolor Info: Model `HTML' substituted by `rgb' on input line 1366.
Package xcolor Info: Model `Hsb' substituted by `hsb' on input line 1367.
Package xcolor Info: Model `tHsb' substituted by `hsb' on input line 1368.
Package xcolor Info: Model `HSB' substituted by `hsb' on input line 1369.
Package xcolor Info: Model `Gray' substituted by `gray' on input line 1370.
Package xcolor Info: Model `wave' substituted by `hsb' on input line 1371.
)
(/usr/share/texmf-dist/tex/generic/xkeyval/pst-xkey.tex
File: pst-xkey.tex 2005/11/25 v1.6 PSTricks specialization of xkeyval (HA)

(/usr/share/texmf-dist/tex/latex/xkeyval/xkeyval.sty
Package: xkeyval 2014/12/03 v2.7a package option processing (HA)

(/usr/share/texmf-dist/tex/generic/xkeyval/xkeyval.tex
(/usr/share/texmf-dist/tex/generic/xkeyval/xkvutils.tex
\XKV@toks=\toks15
\XKV@tempa@toks=\toks16
)
\XKV@depth=\count89
File: xkeyval.tex 2014/12/03 v2.7a key=value parser (HA)
)))
(/usr/share/texmf-dist/tex/generic/pstricks/pstricks.tex
(/usr/share/texmf-dist/tex/generic/pstricks/pst-fp.tex
`pst-fp' v0.05, 2010/01/17 (hv)
\pstFP@xs=\count90
\pstFP@xia=\count91
\pstFP@xib=\count92
\pstFP@xfa=\count93
\pstFP@xfb=\count94
\pstFP@rega=\count95
\pstFP@regb=\count96
\pstFP@regs=\count97
\pstFP@times=\count98
)
(/usr/share/texmf-dist/tex/generic/pgf/utilities/pgfutil-common.tex
\pgfutil@everybye=\toks17
\pgfutil@tempdima=\dimen103
\pgfutil@tempdimb=\dimen104

(/usr/share/texmf-dist/tex/generic/pgf/utilities/pgfutil-common-lists.tex))
(/usr/share/texmf-dist/tex/generic/pgf/utilities/pgfkeys.code.tex
\pgfkeys@pathtoks=\toks18
\pgfkeys@temptoks=\toks19

(/usr/share/texmf-dist/tex/generic/pgf/utilities/pgfkeysfiltered.code.tex
\pgfkeys@tmptoks=\toks20
))
(/usr/share/texmf-dist/tex/generic/pgf/utilities/pgffor.code.tex
Loading pgffor.code.tex
(/usr/share/texmf-dist/tex/generic/pgf/math/pgfmath.code.tex
(/usr/share/texmf-dist/tex/generic/pgf/math/pgfmathcalc.code.tex
(/usr/share/texmf-dist/tex/generic/pgf/math/pgfmathutil.code.tex
\pgf@x=\dimen105
\pgf@xa=\dimen106
\pgf@xb=\dimen107
\pgf@xc=\dimen108
\pgf@y=\dimen109
\pgf@ya=\dimen110
\pgf@yb=\dimen111
\pgf@yc=\dimen112
\c@pgf@counta=\count99
\c@pgf@countb=\count100
\c@pgf@countc=\count101
\c@pgf@countd=\count102
\pgfutil@tempcnta=\count103
\pgfutil@tempcntb=\count104
)
(/usr/share/texmf-dist/tex/generic/pgf/math/pgfmathparser.code.tex
\pgfmath@dimen=\dimen113
\pgfmath@count=\count105
\pgfmath@box=\box29
\pgfmath@toks=\toks21
\pgfmath@stack@operand=\toks22
\pgfmath@stack@operation=\toks23
)
(/usr/share/texmf-dist/tex/generic/pgf/math/pgfmathfunctions.code.tex
(/usr/share/texmf-dist/tex/generic/pgf/math/pgfmathfunctions.basic.code.tex)
(/usr/share/texmf-dist/tex/generic/pgf/math/pgfmathfunctions.trigonometric.code
.tex)
(/usr/share/texmf-dist/tex/generic/pgf/math/pgfmathfunctions.random.code.tex)
(/usr/share/texmf-dist/tex/generic/pgf/math/pgfmathfunctions.comparison.code.te
x) (/usr/share/texmf-dist/tex/generic/pgf/math/pgfmathfunctions.base.code.tex)
(/usr/share/texmf-dist/tex/generic/pgf/math/pgfmathfunctions.round.code.tex)
(/usr/share/texmf-dist/tex/generic/pgf/math/pgfmathfunctions.misc.code.tex)
(/usr/share/texmf-dist/tex/generic/pgf/math/pgfmathfunctions.integerarithmetics
.code.tex))) (/usr/share/texmf-dist/tex/generic/pgf/math/pgfmathfloat.code.tex
\c@pgfmathroundto@lastzeros=\count106
))
\pgffor@iter=\dimen114
\pgffor@skip=\dimen115
\pgffor@stack=\toks24
\pgffor@toks=\toks25
)
\psLoopIndex=\count107

`PSTricks' v2.97  <2019/05/11> (tvz,hv)
\pst@dima=\dimen116
\pst@dimb=\dimen117
\pst@dimc=\dimen118
\pst@dimd=\dimen119
\pst@dimg=\dimen120
\pst@dimh=\dimen121
\pst@dimm=\dimen122
\pst@dimn=\dimen123
\pst@dimo=\dimen124
\pst@dimp=\dimen125
\pst@hbox=\box30
\pst@ibox=\box31
\pst@boxg=\box32
\pst@cnta=\count108
\pst@cntb=\count109
\pst@cntc=\count110
\pst@cntd=\count111
\pst@cntg=\count112
\pst@cnth=\count113
\pst@cntm=\count114
\pst@cntn=\count115
\pst@cnto=\count116
\pst@cntp=\count117
\@zero=\count118
\pst@toks=\toks26
(/usr/share/texmf-dist/tex/generic/pstricks/pstricks.con)
\psunit=\dimen126
\psxunit=\dimen127
\psyunit=\dimen128
\pst@C@@rType=\count119
\pslinewidth=\dimen129
\psk@startLW=\dimen130
\psk@endLW=\dimen131
\pst@customdefs=\toks27
\pslinearc=\dimen132
\pst@symbolStep=\dimen133
\pst@symbolWidth=\dimen134
\pst@symbolLinewidth=\dimen135
\everypsbox=\toks28
\psframesep=\dimen136
\pslabelsep=\dimen137
\sh@wgridXunit=\dimen138
\sh@wgridYunit=\dimen139
\pst@shift=\dimen140
)
File: pstricks.tex 2019/05/11 v2.97 `PSTricks' (tvz,hv)

(/usr/share/texmf-dist/tex/generic/pstricks/pst-fp.tex)
File: pst-fp.tex 2019/05/11 v2.97 `PST-fp' (hv)
)
(/usr/share/texmf-dist/tex/latex/pst-3d/pst-3d.sty
Package: pst-3d 2009/07/28 package wrapper for pst-3d.tex (hv)

(/usr/share/texmf-dist/tex/generic/pst-3d/pst-3d.tex
`PST-3d' v1.11, 2010/02/14 (tvz))
File: pst-3d.tex 2010/02/14 v1.11 `PST-3d' (hv)
)
(/usr/share/texmf-dist/tex/latex/pst-plot/pst-plot.sty
Package: pst-plot 2011/06/05 v1.00 LaTeX wrapper for `pst-plot' (HV)

(/usr/share/texmf-dist/tex/latex/xkeyval/pst-xkey.sty
Package: pst-xkey 2005/11/25 v1.6 package wrapper for pst-xkey.tex (HA)
)
(/usr/share/texmf-dist/tex/latex/multido/multido.sty
Package: multido 2004/05/17 package wrapper for PSTricks `multido.tex', (HV/RN)


(/usr/share/texmf-dist/tex/generic/multido/multido.tex
 v1.42, 2010/05/14 <tvz>
\multido@count=\count120
\multidocount=\count121
\multido@stuff=\toks29
)
File: multido.tex 2010/05/14 v1.42 `multido' (tvz,hv)
)
Package: pst-plot 2011/04/13 package wrapper for pst-plot.tex (hv)

(/usr/share/texmf-dist/tex/generic/pst-plot/pst-plot.tex
(/usr/share/texmf-dist/tex/generic/pst-tools/pst-tools.tex
`PST-tools' v0.09b, 2017/12/03 (hv))
(/usr/share/texmf-dist/tex/generic/pstricks-add/pstricks-add.tex
(/usr/share/texmf-dist/tex/generic/pst-node/pst-node.tex  v1.42, 2019/03/03
\psrow=\count122
\pscol=\count123
\psmatrixcnt=\count124
\psrowsep=\skip57
\pscolsep=\skip58
\pst@args=\count125
\num@pts=\count126
\pst@argcnt=\count127
)
(/usr/share/texmf-dist/tex/generic/pst-arrow/pst-arrow.tex
`pst-arrow' v0.01, 2016/09/01 (dr,hv)
\pshooklength=\dimen141
\pshookwidth=\dimen142
)
(/usr/share/texmf-dist/tex/generic/pst-math/pst-math.tex
`pst-math' v0.64 , (CJ,hv)) `pstricks-add' v3.87, 2019/01/12 (dr,hv)
\psparallelogramsep=\dimen143
\pst@cntC=\count128
\pst@stepcount=\count129
\chart@ColorIndex=\dimen144
\chart@ColorStep=\dimen145
\pst@chartHeight=\dimen146
\pst@chartStackDepth=\dimen147
\pst@chartStackWidth=\dimen148
\chart@Toggle=\count130
\psVectorCtr=\count131
)
 v1.92, 2019/05/16 (tvz,hv)
\pstRadUnit=\dimen149
\pstRadUnitInv=\dimen150
\pst@linecnt=\count132
\RCD@file=\read1
\psxlabelsep=\dimen151
\psylabelsep=\dimen152
\psk@subticksize=\dimen153
\pst@xticksizeA=\dimen154
\pst@xticksizeB=\dimen155
\pst@xticksizeC=\dimen156
\pst@yticksizeA=\dimen157
\pst@yticksizeB=\dimen158
\pst@yticksizeC=\dimen159
\@digitcounter=\count133
\psk@llx=\dimen160
\psk@lly=\dimen161
\psk@urx=\dimen162
\psk@ury=\dimen163
\pst@xunit=\dimen164
\pst@yunit=\dimen165
)
File: pst-plot.tex 2019/05/16 1.92 `pst-plot' (tvz,hv)
)
(/usr/share/texmf-dist/tex/latex/pst-node/pst-node.sty
Package: pst-node 2012/09/18 v1.01 LaTeX wrapper for `pst-node' (HV)
Package: pst-node 2010/04/22 package wrapper for pst-node.tex

(/usr/share/texmf-dist/tex/generic/pst-node/pst-node.tex)
File: pst-node.tex 2019/05/16 1.92 `pst-node' (tvz,hv)
)
Package: pst-3dplot 2010/01/01 package wrapper for pst-3dplot.tex (hv)

(/usr/share/texmf-dist/tex/generic/pst-3dplot/pst-3dplot.tex
(/usr/share/texmf-dist/tex/generic/pst-node/pst-node.tex)
(/usr/share/texmf-dist/tex/generic/multido/multido.tex
 v1.42, 2010/05/14 <tvz>) `PST-3dplot' v2.04, 2017/04/05 (HV,DL)
\pst@dimf=\dimen166
\pst@cntx=\count134
\pst@cnty=\count135
\pst@cntz=\count136
\pst@dimx=\dimen167
\pst@dimy=\dimen168
\pst@dimz=\dimen169
\pst@dx=\dimen170
\pst@dy=\dimen171
\pszunit=\dimen172
)
File: pst-3dplot.tex 2017/04/05 v2.04 `PST-3dplot' (hv)
)
(/usr/share/texmf-dist/tex/latex/pst-math/pst-math.sty
Package: pst-math 2018/12/16 v 0.65 package wrapper for PSTricks pst-math.tex

(/usr/share/texmf-dist/tex/latex/pst-calculate/pst-calculate.sty
Package: pst-calculate 2019/01/24 v. 0.02(Herbert Voss) Support for caculations
 with floating point numbers.

(/usr/share/texmf-dist/tex/latex/l3packages/xparse/xparse.sty
(/usr/share/texmf-dist/tex/latex/l3kernel/expl3.sty
Package: expl3 2019-10-28 L3 programming layer (loader) 

(/usr/share/texmf-dist/tex/latex/l3kernel/expl3-code.tex
Package: expl3 2019-10-28 L3 programming layer (code)
\c_max_int=\count137
\l_tmpa_int=\count138
\l_tmpb_int=\count139
\g_tmpa_int=\count140
\g_tmpb_int=\count141
\l__seq_internal_a_int=\count142
\l__seq_internal_b_int=\count143
\g__kernel_prg_map_int=\count144
\c__ior_term_noprompt_ior=\count145
\c_log_iow=\count146
\l_iow_line_count_int=\count147
\l__iow_line_target_int=\count148
\l__iow_one_indent_int=\count149
\l__iow_indent_int=\count150
\c_zero_dim=\dimen173
\c_max_dim=\dimen174
\l_tmpa_dim=\dimen175
\l_tmpb_dim=\dimen176
\g_tmpa_dim=\dimen177
\g_tmpb_dim=\dimen178
\c_zero_skip=\skip59
\c_max_skip=\skip60
\l_tmpa_skip=\skip61
\l_tmpb_skip=\skip62
\g_tmpa_skip=\skip63
\g_tmpb_skip=\skip64
\c_zero_muskip=\muskip10
\c_max_muskip=\muskip11
\l_tmpa_muskip=\muskip12
\l_tmpb_muskip=\muskip13
\g_tmpa_muskip=\muskip14
\g_tmpb_muskip=\muskip15
\l_keys_choice_int=\count151
\l__intarray_loop_int=\count152
\c__intarray_sp_dim=\dimen179
\g__intarray_font_int=\count153
\c__fp_leading_shift_int=\count154
\c__fp_middle_shift_int=\count155
\c__fp_trailing_shift_int=\count156
\c__fp_big_leading_shift_int=\count157
\c__fp_big_middle_shift_int=\count158
\c__fp_big_trailing_shift_int=\count159
\c__fp_Bigg_leading_shift_int=\count160
\c__fp_Bigg_middle_shift_int=\count161
\c__fp_Bigg_trailing_shift_int=\count162
\c__kernel_randint_max_int=\count163
\g__fp_array_int=\count164
\l__fp_array_loop_int=\count165
\l__sort_length_int=\count166
\l__sort_min_int=\count167
\l__sort_top_int=\count168
\l__sort_max_int=\count169
\l__sort_true_max_int=\count170
\l__sort_block_int=\count171
\l__sort_begin_int=\count172
\l__sort_end_int=\count173
\l__sort_A_int=\count174
\l__sort_B_int=\count175
\l__sort_C_int=\count176
\l__str_internal_int=\count177
\c__str_replacement_char_int=\count178
\l__tl_analysis_normal_int=\count179
\l__tl_analysis_index_int=\count180
\l__tl_analysis_nesting_int=\count181
\l__tl_analysis_type_int=\count182
\l__regex_internal_a_int=\count183
\l__regex_internal_b_int=\count184
\l__regex_internal_c_int=\count185
\l__regex_balance_int=\count186
\l__regex_group_level_int=\count187
\l__regex_mode_int=\count188
\c__regex_cs_in_class_mode_int=\count189
\c__regex_cs_mode_int=\count190
\l__regex_catcodes_int=\count191
\l__regex_default_catcodes_int=\count192
\c__regex_catcode_D_int=\count193
\c__regex_catcode_S_int=\count194
\c__regex_catcode_L_int=\count195
\c__regex_catcode_O_int=\count196
\c__regex_catcode_A_int=\count197
\c__regex_all_catcodes_int=\count198
\l__regex_show_lines_int=\count199
\l__regex_min_state_int=\count266
\l__regex_max_state_int=\count267
\l__regex_left_state_int=\count268
\l__regex_right_state_int=\count269
\l__regex_capturing_group_int=\count270
\l__regex_min_pos_int=\count271
\l__regex_max_pos_int=\count272
\l__regex_curr_pos_int=\count273
\l__regex_start_pos_int=\count274
\l__regex_success_pos_int=\count275
\l__regex_curr_char_int=\count276
\l__regex_curr_catcode_int=\count277
\l__regex_last_char_int=\count278
\l__regex_case_changed_char_int=\count279
\l__regex_curr_state_int=\count280
\l__regex_step_int=\count281
\l__regex_min_active_int=\count282
\l__regex_max_active_int=\count283
\l__regex_replacement_csnames_int=\count284
\l__regex_match_count_int=\count285
\l__regex_min_submatch_int=\count286
\l__regex_submatch_int=\count287
\l__regex_zeroth_submatch_int=\count288
\g__regex_trace_regex_int=\count289
\c_empty_box=\box33
\l_tmpa_box=\box34
\l_tmpb_box=\box35
\g_tmpa_box=\box36
\g_tmpb_box=\box37
\l__box_top_dim=\dimen180
\l__box_bottom_dim=\dimen181
\l__box_left_dim=\dimen182
\l__box_right_dim=\dimen183
\l__box_top_new_dim=\dimen184
\l__box_bottom_new_dim=\dimen185
\l__box_left_new_dim=\dimen186
\l__box_right_new_dim=\dimen187
\l__box_internal_box=\box38
\l__coffin_internal_box=\box39
\l__coffin_internal_dim=\dimen188
\l__coffin_offset_x_dim=\dimen189
\l__coffin_offset_y_dim=\dimen190
\l__coffin_x_dim=\dimen191
\l__coffin_y_dim=\dimen192
\l__coffin_x_prime_dim=\dimen193
\l__coffin_y_prime_dim=\dimen194
\c_empty_coffin=\box40
\l__coffin_aligned_coffin=\box41
\l__coffin_aligned_internal_coffin=\box42
\l_tmpa_coffin=\box43
\l_tmpb_coffin=\box44
\g_tmpa_coffin=\box45
\g_tmpb_coffin=\box46
\l__coffin_bounding_shift_dim=\dimen195
\l__coffin_left_corner_dim=\dimen196
\l__coffin_right_corner_dim=\dimen197
\l__coffin_bottom_corner_dim=\dimen198
\l__coffin_top_corner_dim=\dimen199
\l__coffin_scaled_total_height_dim=\dimen256
\l__coffin_scaled_width_dim=\dimen257
\c__coffin_empty_coffin=\box47
\l__coffin_display_coffin=\box48
\l__coffin_display_coord_coffin=\box49
\l__coffin_display_pole_coffin=\box50
\l__coffin_display_offset_dim=\dimen258
\l__coffin_display_x_dim=\dimen259
\l__coffin_display_y_dim=\dimen260
\g__char_data_ior=\read2

(/usr/share/texmf-dist/tex/latex/l3kernel/l3deprecation.def
File: l3deprecation.def 2019-04-06 v L3 Deprecated functions
))
(/usr/share/texmf-dist/tex/latex/l3backend/l3backend-dvips.def
File: l3backend-dvips.def 2019-04-06 L3 backend support: dvips
\l__pdf_internal_box=\box51
\g__pdf_backend_object_int=\count290
\l__pdf_backend_content_box=\box52
\l__pdf_backend_model_box=\box53
\g__pdf_backend_annotation_int=\count291
\g__pdf_backend_link_int=\count292
\g__pdf_backend_link_sf_int=\count293
))
Package: xparse 2019-10-11 L3 Experimental document command parser
\l__xparse_current_arg_int=\count294
\g__xparse_grabber_int=\count295
\l__xparse_m_args_int=\count296
\l__xparse_v_nesting_int=\count297
)
(/usr/share/texmf-dist/tex/latex/siunitx/siunitx.sty
Package: siunitx 2019/10/10 v2.7t A comprehensive (SI) units package

(/usr/share/texmf-dist/tex/latex/amsmath/amstext.sty
Package: amstext 2000/06/29 v2.01 AMS text

(/usr/share/texmf-dist/tex/latex/amsmath/amsgen.sty
File: amsgen.sty 1999/11/30 v2.0 generic functions
\@emptytoks=\toks30
\ex@=\dimen261
))
(/usr/share/texmf-dist/tex/latex/tools/array.sty
Package: array 2019/08/31 v2.4l Tabular extension package (FMi)
\col@sep=\dimen262
\ar@mcellbox=\box54
\extrarowheight=\dimen263
\NC@list=\toks31
\extratabsurround=\skip65
\backup@length=\skip66
\ar@cellbox=\box55
)
(/usr/share/texmf-dist/tex/latex/l3packages/l3keys2e/l3keys2e.sty
Package: l3keys2e 2019-10-11 LaTeX2e option processing using LaTeX3 keys
)
\l__siunitx_tmp_box=\box56
\l__siunitx_tmp_dim=\dimen264
\l__siunitx_tmp_int=\count298
\l__siunitx_number_mantissa_length_int=\count299
\l__siunitx_number_uncert_length_int=\count300
\l__siunitx_round_int=\count301
\l__siunitx_process_decimal_int=\count302
\l__siunitx_process_uncertainty_int=\count303
\l__siunitx_process_fixed_int=\count304
\l__siunitx_process_integer_min_int=\count305
\l__siunitx_process_precision_int=\count306
\l__siunitx_group_min_int=\count307
\l__siunitx_angle_marker_box=\box57
\l__siunitx_angle_unit_box=\box58
\l__siunitx_angle_marker_dim=\dimen265
\l__siunitx_angle_unit_dim=\dimen266
\l__siunitx_unit_int=\count308
\l__siunitx_unit_denominator_int=\count309
\l__siunitx_unit_numerator_int=\count310
\l__siunitx_unit_prefix_int=\count311
\l__siunitx_unit_prefix_base_int=\count312
\l__siunitx_unit_prefix_gram_int=\count313
\l__siunitx_number_product_int=\count314
\c__siunitx_one_fill_skip=\skip67
\l__siunitx_table_unit_align_skip=\skip68
\l__siunitx_table_exponent_dim=\dimen267
\l__siunitx_table_integer_dim=\dimen268
\l__siunitx_table_mantissa_dim=\dimen269
\l__siunitx_table_marker_dim=\dimen270
\l__siunitx_table_result_dim=\dimen271
\l__siunitx_table_uncert_dim=\dimen272
\l__siunitx_table_fill_pre_dim=\dimen273
\l__siunitx_table_fill_post_dim=\dimen274
\l__siunitx_table_fill_mid_dim=\dimen275
\l__siunitx_table_pre_box=\box59
\l__siunitx_table_post_box=\box60
\l__siunitx_table_mantissa_box=\box61
\l__siunitx_table_result_box=\box62
\l__siunitx_table_number_align_skip=\skip69
\l__siunitx_table_text_align_skip=\skip70

(/usr/share/texmf-dist/tex/latex/translator/translator.sty
Package: translator 2019-05-31 v1.12a Easy translation of strings in LaTeX
)))
(/usr/share/texmf-dist/tex/generic/oberdiek/ifluatex.sty
Package: ifluatex 2016/05/16 v1.4 Provides the ifluatex switch (HO)
Package ifluatex Info: LuaTeX not detected.
)
(/usr/share/texmf-dist/tex/generic/xstring/xstring.sty
(/usr/share/texmf-dist/tex/generic/xstring/xstring.tex
\integerpart=\count315
\decimalpart=\count316
)
Package: xstring 2019/02/06 v1.83 String manipulations (CT)
)
(/usr/share/texmf-dist/tex/generic/pst-math/pst-math.tex)
File: pst-math.tex 2017/04/05 v2.04 `PST-math' (hv)
\c@Rand@No=\count317
\c@Random@Left=\count318
\c@Random@Right=\count319
\c@Random@No@max=\count320
) (./main.aux)
\openout1 = `main.aux'.

LaTeX Font Info:    Checking defaults for OML/cmm/m/it on input line 3.
LaTeX Font Info:    ... okay on input line 3.
LaTeX Font Info:    Checking defaults for T1/cmr/m/n on input line 3.
LaTeX Font Info:    ... okay on input line 3.
LaTeX Font Info:    Checking defaults for OT1/cmr/m/n on input line 3.
LaTeX Font Info:    ... okay on input line 3.
LaTeX Font Info:    Checking defaults for OMS/cmsy/m/n on input line 3.
LaTeX Font Info:    ... okay on input line 3.
LaTeX Font Info:    Checking defaults for OMX/cmex/m/n on input line 3.
LaTeX Font Info:    ... okay on input line 3.
LaTeX Font Info:    Checking defaults for U/cmr/m/n on input line 3.
LaTeX Font Info:    ... okay on input line 3.
Package scrbase Info: activating english \contentsname on input line 3.
Package scrbase Info: activating english \listfigurename on input line 3.
Package scrbase Info: activating english \listtablename on input line 3.
Now handling font encoding TS1 ...
... processing UTF-8 mapping file for font encoding TS1

(/usr/share/texmf-dist/tex/latex/base/ts1enc.dfu
File: ts1enc.dfu 2019/07/11 v1.2j UTF-8 support for inputenc
   defining Unicode char U+00A2 (decimal 162)
   defining Unicode char U+00A3 (decimal 163)
   defining Unicode char U+00A4 (decimal 164)
   defining Unicode char U+00A5 (decimal 165)
   defining Unicode char U+00A6 (decimal 166)
   defining Unicode char U+00A7 (decimal 167)
   defining Unicode char U+00A8 (decimal 168)
   defining Unicode char U+00A9 (decimal 169)
   defining Unicode char U+00AA (decimal 170)
   defining Unicode char U+00AC (decimal 172)
   defining Unicode char U+00AE (decimal 174)
   defining Unicode char U+00AF (decimal 175)
   defining Unicode char U+00B0 (decimal 176)
   defining Unicode char U+00B1 (decimal 177)
   defining Unicode char U+00B2 (decimal 178)
   defining Unicode char U+00B3 (decimal 179)
   defining Unicode char U+00B4 (decimal 180)
   defining Unicode char U+00B5 (decimal 181)
   defining Unicode char U+00B6 (decimal 182)
   defining Unicode char U+00B7 (decimal 183)
   defining Unicode char U+00B9 (decimal 185)
   defining Unicode char U+00BA (decimal 186)
   defining Unicode char U+00BC (decimal 188)
   defining Unicode char U+00BD (decimal 189)
   defining Unicode char U+00BE (decimal 190)
   defining Unicode char U+00D7 (decimal 215)
   defining Unicode char U+00F7 (decimal 247)
   defining Unicode char U+0192 (decimal 402)
   defining Unicode char U+02C7 (decimal 711)
   defining Unicode char U+02D8 (decimal 728)
   defining Unicode char U+02DD (decimal 733)
   defining Unicode char U+0E3F (decimal 3647)
   defining Unicode char U+2016 (decimal 8214)
   defining Unicode char U+2020 (decimal 8224)
   defining Unicode char U+2021 (decimal 8225)
   defining Unicode char U+2022 (decimal 8226)
   defining Unicode char U+2030 (decimal 8240)
   defining Unicode char U+2031 (decimal 8241)
   defining Unicode char U+203B (decimal 8251)
   defining Unicode char U+203D (decimal 8253)
   defining Unicode char U+2044 (decimal 8260)
   defining Unicode char U+204E (decimal 8270)
   defining Unicode char U+2052 (decimal 8274)
   defining Unicode char U+20A1 (decimal 8353)
   defining Unicode char U+20A4 (decimal 8356)
   defining Unicode char U+20A6 (decimal 8358)
   defining Unicode char U+20A9 (decimal 8361)
   defining Unicode char U+20AB (decimal 8363)
   defining Unicode char U+20AC (decimal 8364)
   defining Unicode char U+20B1 (decimal 8369)
   defining Unicode char U+2103 (decimal 8451)
   defining Unicode char U+2116 (decimal 8470)
   defining Unicode char U+2117 (decimal 8471)
   defining Unicode char U+211E (decimal 8478)
   defining Unicode char U+2120 (decimal 8480)
   defining Unicode char U+2122 (decimal 8482)
   defining Unicode char U+2126 (decimal 8486)
   defining Unicode char U+2127 (decimal 8487)
   defining Unicode char U+212E (decimal 8494)
   defining Unicode char U+2190 (decimal 8592)
   defining Unicode char U+2191 (decimal 8593)
   defining Unicode char U+2192 (decimal 8594)
   defining Unicode char U+2193 (decimal 8595)
   defining Unicode char U+2329 (decimal 9001)
   defining Unicode char U+232A (decimal 9002)
   defining Unicode char U+2422 (decimal 9250)
   defining Unicode char U+25E6 (decimal 9702)
   defining Unicode char U+25EF (decimal 9711)
   defining Unicode char U+266A (decimal 9834)
   defining Unicode char U+27E8 (decimal 10216)
   defining Unicode char U+27E9 (decimal 10217)
   defining Unicode char U+FEFF (decimal 65279)
)
(/usr/share/texmf-dist/tex/latex/translator/translator-basic-dictionary-English
.dict
Dictionary: translator-basic-dictionary, Language: English 
) (/usr/share/texmf-dist/tex/latex/siunitx/siunitx-abbreviations.cfg
File: siunitx-abbreviations.cfg 2017/11/26 v2.7k siunitx: Abbreviated units
)
LaTeX Font Info:    External font `cmex10' loaded for size
(Font)              <10.95> on input line 3.
LaTeX Font Info:    External font `cmex10' loaded for size
(Font)              <8> on input line 3.
LaTeX Font Info:    External font `cmex10' loaded for size
(Font)              <6> on input line 3.

[1

] (./main.aux) ) 
Here is how much of TeX's memory you used:
 25429 strings out of 492168
 511008 string characters out of 6131584
 723459 words of memory out of 5000000
 29611 multiletter control sequences out of 15000+600000
 536486 words of font info for 39 fonts, out of 8000000 for 9000
 1141 hyphenation exceptions out of 8191
 64i,7n,96p,10095b,317s stack positions out of 5000i,500n,10000p,200000b,80000s

Output written on main.dvi (1 page, 25340 bytes).
